2022-05-24 15:38:30,461 Starting monitor
2022-05-24 15:38:30,463 Monitor getting results 0.0022575855255126953
2022-05-24 15:38:30,464 Monitor getting start 0.0010085105895996094
2022-05-24 15:38:30,471 Monitor getting tournaments 0.006532907485961914
2022-05-24 15:38:31,477 Monitor getting results 0.005056619644165039
2022-05-24 15:38:31,482 Monitor getting start 0.003923177719116211
2022-05-24 15:38:31,486 Monitor getting tournaments 0.0036935806274414062
2022-05-24 15:38:32,492 Monitor getting results 0.005208492279052734
2022-05-24 15:38:32,497 Monitor getting start 0.004181861877441406
2022-05-24 15:38:32,503 Monitor getting tournaments 0.004853725433349609
2022-05-24 15:38:33,506 Monitor getting results 0.0012993812561035156
2022-05-24 15:38:33,507 Monitor getting start 0.0012097358703613281
2022-05-24 15:38:33,509 Monitor getting tournaments 0.0011277198791503906
2022-05-24 15:38:34,512 Monitor getting results 0.001766204833984375
2022-05-24 15:38:34,513 Monitor getting start 0.00135040283203125
2022-05-24 15:38:34,515 Monitor getting tournaments 0.0016736984252929688
2022-05-24 15:38:35,518 Monitor getting results 0.001453399658203125
2022-05-24 15:38:35,519 Monitor getting start 0.0011534690856933594
2022-05-24 15:38:35,521 Monitor getting tournaments 0.0013642311096191406
2022-05-24 15:38:35,521 Monitor kill check,d2a0f7ba-6d2e-4713-8d61-a95f47fd2a92 3.3352627754211426, 3.347057819366455(UUID('3c24d870-6786-492a-a758-3658a6ec09ab'),),False, [UUID('d2a0f7ba-6d2e-4713-8d61-a95f47fd2a92')]
2022-05-24 15:38:36,523 Monitor getting results 0.0019643306732177734
2022-05-24 15:38:36,525 Monitor getting start 0.0013480186462402344
2022-05-24 15:38:36,528 Monitor getting tournaments 0.002542257308959961
2022-05-24 15:38:37,532 Monitor getting results 0.0020520687103271484
2022-05-24 15:38:37,533 Monitor getting start 0.0015254020690917969
2022-05-24 15:38:37,535 Monitor getting tournaments 0.0014469623565673828
2022-05-24 15:38:38,538 Monitor getting results 0.0019195079803466797
2022-05-24 15:38:38,540 Monitor getting start 0.001990795135498047
2022-05-24 15:38:38,543 Monitor getting tournaments 0.002243518829345703
2022-05-24 15:38:39,549 Monitor getting results 0.006009578704833984
2022-05-24 15:38:39,555 Monitor getting start 0.00522160530090332
2022-05-24 15:38:39,561 Monitor getting tournaments 0.0054280757904052734
2022-05-24 15:38:40,569 Monitor getting results 0.006212711334228516
2022-05-24 15:38:40,574 Monitor getting start 0.003766775131225586
2022-05-24 15:38:40,577 Monitor getting tournaments 0.003358602523803711
2022-05-24 15:38:40,578 Monitor kill check,ffedd806-05d3-4520-8f49-aee133987c7c 4.127448558807373, 6.657590866088867(UUID('d2a0f7ba-6d2e-4713-8d61-a95f47fd2a92'),),False, [UUID('ffedd806-05d3-4520-8f49-aee133987c7c')]
2022-05-24 15:38:41,586 Monitor getting results 0.006459236145019531
2022-05-24 15:38:41,592 Monitor getting start 0.00505518913269043
2022-05-24 15:38:41,598 Monitor getting tournaments 0.006101131439208984
2022-05-24 15:38:41,600 Monitor kill check,ffedd806-05d3-4520-8f49-aee133987c7c 5.679464817047119, 6.657590866088867(UUID('d2a0f7ba-6d2e-4713-8d61-a95f47fd2a92'),),False, [UUID('ffedd806-05d3-4520-8f49-aee133987c7c')]
2022-05-24 15:38:42,608 Monitor getting results 0.006486177444458008
2022-05-24 15:38:42,614 Monitor getting start 0.0056858062744140625
2022-05-24 15:38:42,621 Monitor getting tournaments 0.006037235260009766
2022-05-24 15:38:42,622 Monitor kill check,ffedd806-05d3-4520-8f49-aee133987c7c 6.683041095733643, 6.657590866088867(UUID('d2a0f7ba-6d2e-4713-8d61-a95f47fd2a92'),),False, [UUID('ffedd806-05d3-4520-8f49-aee133987c7c')]
2022-05-24 15:38:42,623 Monitor is killing: Configuration(id=UUID('ffedd806-05d3-4520-8f49-aee133987c7c'), conf={'luby': False, 'cla-decay': 0.9000738420736851, 'phase-saving': 1, 'bce-limit': 10922573, 'param_1': -1}, generator=<Generator.var_graph: 3>) /input/instances/sat/data/modular_kcnf/00207.cnf with id: ObjectRef(2ba2de5a059b7c7affffffffffffffffffffffff0100000001000000)
2022-05-24 15:38:43,632 Monitor getting results 0.0067446231842041016
2022-05-24 15:38:43,638 Monitor getting start 0.005308628082275391
2022-05-24 15:38:43,644 Monitor getting tournaments 0.005908012390136719
2022-05-24 15:38:43,646 Monitor kill check,ffedd806-05d3-4520-8f49-aee133987c7c 7.706899642944336, 6.657590866088867(UUID('d2a0f7ba-6d2e-4713-8d61-a95f47fd2a92'),),False, [UUID('ffedd806-05d3-4520-8f49-aee133987c7c')]
2022-05-24 15:38:44,654 Monitor getting results 0.006750345230102539
2022-05-24 15:38:44,660 Monitor getting start 0.005477190017700195
2022-05-24 15:38:44,665 Monitor getting tournaments 0.004080057144165039
2022-05-24 15:38:45,674 Monitor getting results 0.007038593292236328
2022-05-24 15:38:45,680 Monitor getting start 0.005507707595825195
2022-05-24 15:38:45,686 Monitor getting tournaments 0.0048694610595703125
2022-05-24 15:38:46,694 Monitor getting results 0.006850004196166992
2022-05-24 15:38:46,700 Monitor getting start 0.005624532699584961
2022-05-24 15:38:46,706 Monitor getting tournaments 0.004904031753540039
2022-05-24 15:38:47,709 Monitor getting results 0.002026796340942383
2022-05-24 15:38:47,711 Monitor getting start 0.001470804214477539
2022-05-24 15:38:47,712 Monitor getting tournaments 0.0013971328735351562
2022-05-24 15:38:48,716 Monitor getting results 0.002426624298095703
2022-05-24 15:38:48,718 Monitor getting start 0.0019106864929199219
2022-05-24 15:38:48,720 Monitor getting tournaments 0.001844167709350586
2022-05-24 15:38:48,721 Monitor kill check,de24fee1-a56a-4325-b3d2-740e4764e7b7 3.5363216400146484, 10.002745866775513(UUID('d2a0f7ba-6d2e-4713-8d61-a95f47fd2a92'),),False, [UUID('de24fee1-a56a-4325-b3d2-740e4764e7b7')]
2022-05-24 15:38:49,725 Monitor getting results 0.0030927658081054688
2022-05-24 15:38:49,728 Monitor getting start 0.0024497509002685547
2022-05-24 15:38:49,731 Monitor getting tournaments 0.003645658493041992
2022-05-24 15:38:49,732 Monitor kill check,de24fee1-a56a-4325-b3d2-740e4764e7b7 5.039721965789795, 10.002745866775513(UUID('d2a0f7ba-6d2e-4713-8d61-a95f47fd2a92'),),False, [UUID('de24fee1-a56a-4325-b3d2-740e4764e7b7')]
2022-05-24 15:38:50,740 Monitor getting results 0.007080554962158203
2022-05-24 15:38:50,747 Monitor getting start 0.006094455718994141
2022-05-24 15:38:50,755 Monitor getting tournaments 0.0068302154541015625
2022-05-24 15:38:50,757 Monitor kill check,de24fee1-a56a-4325-b3d2-740e4764e7b7 6.6333909034729, 10.002745866775513(UUID('d2a0f7ba-6d2e-4713-8d61-a95f47fd2a92'),),False, [UUID('de24fee1-a56a-4325-b3d2-740e4764e7b7')]
2022-05-24 15:38:51,761 Monitor getting results 0.0025610923767089844
2022-05-24 15:38:51,763 Monitor getting start 0.0019307136535644531
2022-05-24 15:38:51,765 Monitor getting tournaments 0.0017924308776855469
2022-05-24 15:38:51,766 Monitor kill check,de24fee1-a56a-4325-b3d2-740e4764e7b7 8.168351173400879, 10.002745866775513(UUID('d2a0f7ba-6d2e-4713-8d61-a95f47fd2a92'),),False, [UUID('de24fee1-a56a-4325-b3d2-740e4764e7b7')]
2022-05-24 15:38:52,775 Monitor getting results 0.007455587387084961
2022-05-24 15:38:52,782 Monitor getting start 0.0064449310302734375
2022-05-24 15:38:52,790 Monitor getting tournaments 0.007367134094238281
2022-05-24 15:38:52,792 Monitor kill check,de24fee1-a56a-4325-b3d2-740e4764e7b7 9.76676893234253, 10.002745866775513(UUID('d2a0f7ba-6d2e-4713-8d61-a95f47fd2a92'),),False, [UUID('de24fee1-a56a-4325-b3d2-740e4764e7b7')]
2022-05-24 15:38:53,804 Monitor getting results 0.010558605194091797
2022-05-24 15:38:53,812 Monitor getting start 0.007184028625488281
2022-05-24 15:38:53,815 Monitor getting tournaments 0.002500772476196289
2022-05-24 15:38:54,823 Monitor getting results 0.008026838302612305
2022-05-24 15:38:54,831 Monitor getting start 0.006615400314331055
2022-05-24 15:38:54,836 Monitor getting tournaments 0.004830598831176758
2022-05-24 15:38:55,846 Monitor getting results 0.008101940155029297
2022-05-24 15:38:55,854 Monitor getting start 0.00730443000793457
2022-05-24 15:38:55,860 Monitor getting tournaments 0.005283355712890625
2022-05-24 15:38:56,870 Monitor getting results 0.007784843444824219
2022-05-24 15:38:56,878 Monitor getting start 0.006920337677001953
2022-05-24 15:38:56,885 Monitor getting tournaments 0.006058931350708008
2022-05-24 15:38:57,897 Monitor getting results 0.010641098022460938
2022-05-24 15:38:57,905 Monitor getting start 0.007686138153076172
2022-05-24 15:38:57,912 Monitor getting tournaments 0.005831003189086914
2022-05-24 15:38:58,916 Monitor getting results 0.002396821975708008
2022-05-24 15:38:58,918 Monitor getting start 0.0022547245025634766
2022-05-24 15:38:58,923 Monitor getting tournaments 0.004379987716674805
2022-05-24 15:38:58,923 Monitor kill check,2c74d797-159e-477f-a143-6d5f8346d75c 4.731180906295776, 13.340997695922852(UUID('d2a0f7ba-6d2e-4713-8d61-a95f47fd2a92'),),False, [UUID('2c74d797-159e-477f-a143-6d5f8346d75c')]
2022-05-24 15:38:59,926 Monitor getting results 0.002655506134033203
2022-05-24 15:38:59,929 Monitor getting start 0.002295255661010742
2022-05-24 15:38:59,931 Monitor getting tournaments 0.0020732879638671875
2022-05-24 15:38:59,932 Monitor kill check,2c74d797-159e-477f-a143-6d5f8346d75c 6.244879484176636, 13.340997695922852(UUID('d2a0f7ba-6d2e-4713-8d61-a95f47fd2a92'),),False, [UUID('2c74d797-159e-477f-a143-6d5f8346d75c')]
2022-05-24 15:39:00,935 Monitor getting results 0.0026383399963378906
2022-05-24 15:39:00,938 Monitor getting start 0.0024209022521972656
2022-05-24 15:39:00,942 Monitor getting tournaments 0.0034842491149902344
2022-05-24 15:39:00,942 Monitor kill check,2c74d797-159e-477f-a143-6d5f8346d75c 7.804588317871094, 13.340997695922852(UUID('d2a0f7ba-6d2e-4713-8d61-a95f47fd2a92'),),False, [UUID('2c74d797-159e-477f-a143-6d5f8346d75c')]
2022-05-24 15:39:01,952 Monitor getting results 0.008426666259765625
2022-05-24 15:39:01,962 Monitor getting start 0.009924650192260742
2022-05-24 15:39:01,970 Monitor getting tournaments 0.00716853141784668
2022-05-24 15:39:01,972 Monitor kill check,2c74d797-159e-477f-a143-6d5f8346d75c 9.398725748062134, 13.340997695922852(UUID('d2a0f7ba-6d2e-4713-8d61-a95f47fd2a92'),),False, [UUID('2c74d797-159e-477f-a143-6d5f8346d75c')]
2022-05-24 15:39:02,976 Monitor getting results 0.002895832061767578
2022-05-24 15:39:02,978 Monitor getting start 0.002330303192138672
2022-05-24 15:39:02,981 Monitor getting tournaments 0.0020847320556640625
2022-05-24 15:39:02,981 Monitor kill check,2c74d797-159e-477f-a143-6d5f8346d75c 10.955144166946411, 13.340997695922852(UUID('d2a0f7ba-6d2e-4713-8d61-a95f47fd2a92'),),False, [UUID('2c74d797-159e-477f-a143-6d5f8346d75c')]
2022-05-24 15:39:03,985 Monitor getting results 0.0031511783599853516
2022-05-24 15:39:03,988 Monitor getting start 0.002671957015991211
2022-05-24 15:39:03,991 Monitor getting tournaments 0.002389192581176758
2022-05-24 15:39:03,991 Monitor kill check,2c74d797-159e-477f-a143-6d5f8346d75c 12.501790285110474, 13.340997695922852(UUID('d2a0f7ba-6d2e-4713-8d61-a95f47fd2a92'),),False, [UUID('2c74d797-159e-477f-a143-6d5f8346d75c')]
2022-05-24 15:39:05,001 Monitor getting results 0.009075403213500977
2022-05-24 15:39:05,010 Monitor getting start 0.007683277130126953
2022-05-24 15:39:05,019 Monitor getting tournaments 0.008191108703613281
2022-05-24 15:39:05,020 Monitor kill check,2c74d797-159e-477f-a143-6d5f8346d75c 13.459081649780273, 13.340997695922852(UUID('d2a0f7ba-6d2e-4713-8d61-a95f47fd2a92'),),False, [UUID('2c74d797-159e-477f-a143-6d5f8346d75c')]
2022-05-24 15:39:05,021 Monitor is killing: Configuration(id=UUID('2c74d797-159e-477f-a143-6d5f8346d75c'), conf={'luby': True, 'cla-decay': 0.9349965, 'phase-saving': 1, 'bce-limit': 110045000, 'param_1': -2}, generator=<Generator.lhc: 4>) /input/instances/sat/data/modular_kcnf/00444.cnf with id: ObjectRef(574b984483f32b95ffffffffffffffffffffffff0100000001000000)
2022-05-24 15:39:06,033 Monitor getting results 0.00969696044921875
2022-05-24 15:39:06,043 Monitor getting start 0.009187936782836914
2022-05-24 15:39:06,050 Monitor getting tournaments 0.00620269775390625
2022-05-24 15:39:06,051 Monitor kill check,2c74d797-159e-477f-a143-6d5f8346d75c 14.489802122116089, 13.340997695922852(UUID('d2a0f7ba-6d2e-4713-8d61-a95f47fd2a92'),),False, [UUID('2c74d797-159e-477f-a143-6d5f8346d75c')]
2022-05-24 15:39:07,065 Monitor getting results 0.01239323616027832
2022-05-24 15:39:07,074 Monitor getting start 0.008321762084960938
2022-05-24 15:39:07,080 Monitor getting tournaments 0.004519939422607422
2022-05-24 15:39:08,092 Monitor getting results 0.00957632064819336
2022-05-24 15:39:08,102 Monitor getting start 0.009066343307495117
2022-05-24 15:39:08,108 Monitor getting tournaments 0.005645036697387695
2022-05-24 15:39:09,118 Monitor getting results 0.008271217346191406
2022-05-24 15:39:09,124 Monitor getting start 0.00587153434753418
2022-05-24 15:39:09,126 Monitor getting tournaments 0.0021805763244628906
2022-05-24 15:39:10,130 Monitor getting results 0.0027196407318115234
2022-05-24 15:39:10,132 Monitor getting start 0.0023043155670166016
2022-05-24 15:39:10,134 Monitor getting tournaments 0.001556396484375
2022-05-24 15:39:11,146 Monitor getting results 0.010428905487060547
2022-05-24 15:39:11,155 Monitor getting start 0.008382320404052734
2022-05-24 15:39:11,161 Monitor getting tournaments 0.005805492401123047
2022-05-24 15:39:11,163 Monitor kill check,c47189b8-6e70-4059-bc43-e79514974843 3.858638048171997, 16.666036367416382(UUID('d2a0f7ba-6d2e-4713-8d61-a95f47fd2a92'),),False, [UUID('c47189b8-6e70-4059-bc43-e79514974843')]
2022-05-24 15:39:12,171 Monitor getting results 0.007489919662475586
2022-05-24 15:39:12,176 Monitor getting start 0.004481077194213867
2022-05-24 15:39:12,179 Monitor getting tournaments 0.0026445388793945312
2022-05-24 15:39:12,180 Monitor kill check,c47189b8-6e70-4059-bc43-e79514974843 5.4212892055511475, 16.666036367416382(UUID('d2a0f7ba-6d2e-4713-8d61-a95f47fd2a92'),),False, [UUID('c47189b8-6e70-4059-bc43-e79514974843')]
2022-05-24 15:39:13,191 Monitor getting results 0.009894132614135742
2022-05-24 15:39:13,200 Monitor getting start 0.008921623229980469
2022-05-24 15:39:13,208 Monitor getting tournaments 0.006571531295776367
2022-05-24 15:39:13,209 Monitor kill check,c47189b8-6e70-4059-bc43-e79514974843 7.015480995178223, 16.666036367416382(UUID('d2a0f7ba-6d2e-4713-8d61-a95f47fd2a92'),),False, [UUID('c47189b8-6e70-4059-bc43-e79514974843')]
2022-05-24 15:39:14,221 Monitor getting results 0.009836673736572266
2022-05-24 15:39:14,231 Monitor getting start 0.009102106094360352
2022-05-24 15:39:14,238 Monitor getting tournaments 0.006940364837646484
2022-05-24 15:39:14,240 Monitor kill check,c47189b8-6e70-4059-bc43-e79514974843 8.619522094726562, 16.666036367416382(UUID('d2a0f7ba-6d2e-4713-8d61-a95f47fd2a92'),),False, [UUID('c47189b8-6e70-4059-bc43-e79514974843')]
2022-05-24 15:39:15,251 Monitor getting results 0.00993967056274414
2022-05-24 15:39:15,261 Monitor getting start 0.009110212326049805
2022-05-24 15:39:15,269 Monitor getting tournaments 0.007296562194824219
2022-05-24 15:39:15,271 Monitor kill check,c47189b8-6e70-4059-bc43-e79514974843 10.065273761749268, 16.666036367416382(UUID('d2a0f7ba-6d2e-4713-8d61-a95f47fd2a92'),),False, [UUID('c47189b8-6e70-4059-bc43-e79514974843')]
2022-05-24 15:39:16,283 Monitor getting results 0.011148691177368164
2022-05-24 15:39:16,290 Monitor getting start 0.006213665008544922
2022-05-24 15:39:16,296 Monitor getting tournaments 0.005710124969482422
2022-05-24 15:39:16,296 Monitor kill check,c47189b8-6e70-4059-bc43-e79514974843 11.403280258178711, 16.666036367416382(UUID('d2a0f7ba-6d2e-4713-8d61-a95f47fd2a92'),),False, [UUID('c47189b8-6e70-4059-bc43-e79514974843')]
2022-05-24 15:39:17,302 Monitor getting results 0.0041351318359375
2022-05-24 15:39:17,307 Monitor getting start 0.005403757095336914
2022-05-24 15:39:17,310 Monitor getting tournaments 0.0030515193939208984
2022-05-24 15:39:17,311 Monitor kill check,c47189b8-6e70-4059-bc43-e79514974843 12.796681642532349, 16.666036367416382(UUID('d2a0f7ba-6d2e-4713-8d61-a95f47fd2a92'),),False, [UUID('c47189b8-6e70-4059-bc43-e79514974843')]
2022-05-24 15:39:18,315 Monitor getting results 0.004230976104736328
2022-05-24 15:39:18,319 Monitor getting start 0.003797769546508789
2022-05-24 15:39:18,323 Monitor getting tournaments 0.002962350845336914
2022-05-24 15:39:18,323 Monitor kill check,c47189b8-6e70-4059-bc43-e79514974843 14.346378326416016, 16.666036367416382(UUID('d2a0f7ba-6d2e-4713-8d61-a95f47fd2a92'),),False, [UUID('c47189b8-6e70-4059-bc43-e79514974843')]
2022-05-24 15:39:19,327 Monitor getting results 0.003890514373779297
2022-05-24 15:39:19,331 Monitor getting start 0.003323078155517578
2022-05-24 15:39:19,334 Monitor getting tournaments 0.0027060508728027344
2022-05-24 15:39:19,334 Monitor kill check,c47189b8-6e70-4059-bc43-e79514974843 15.896511316299438, 16.666036367416382(UUID('d2a0f7ba-6d2e-4713-8d61-a95f47fd2a92'),),False, [UUID('c47189b8-6e70-4059-bc43-e79514974843')]
2022-05-24 15:39:20,339 Monitor getting results 0.0037305355072021484
2022-05-24 15:39:20,346 Monitor getting start 0.006521940231323242
2022-05-24 15:39:20,349 Monitor getting tournaments 0.0034170150756835938
2022-05-24 15:39:21,355 Monitor getting results 0.0037233829498291016
2022-05-24 15:39:21,358 Monitor getting start 0.00279998779296875
2022-05-24 15:39:21,359 Monitor getting tournaments 0.001314401626586914
2022-05-24 15:39:22,364 Monitor getting results 0.0036830902099609375
2022-05-24 15:39:22,367 Monitor getting start 0.003084897994995117
2022-05-24 15:39:22,369 Monitor getting tournaments 0.0014522075653076172
2022-05-24 15:39:23,383 Monitor getting results 0.011948823928833008
2022-05-24 15:39:23,394 Monitor getting start 0.010599851608276367
2022-05-24 15:39:23,399 Monitor getting tournaments 0.004515647888183594
2022-05-24 15:39:24,405 Monitor getting results 0.00577545166015625
2022-05-24 15:39:24,412 Monitor getting start 0.0066945552825927734
2022-05-24 15:39:24,416 Monitor getting tournaments 0.0034606456756591797
2022-05-24 15:39:25,430 Monitor getting results 0.01197361946105957
2022-05-24 15:39:25,442 Monitor getting start 0.010844945907592773
2022-05-24 15:39:25,449 Monitor getting tournaments 0.006376981735229492
2022-05-24 15:39:25,450 Monitor kill check,6c6a97cd-027b-45f4-9955-796845c3c0da 4.5211029052734375, 20.035712242126465(UUID('d2a0f7ba-6d2e-4713-8d61-a95f47fd2a92'),),False, [UUID('6c6a97cd-027b-45f4-9955-796845c3c0da')]
2022-05-24 15:39:26,463 Monitor getting results 0.01194906234741211
2022-05-24 15:39:26,470 Monitor getting start 0.006043672561645508
2022-05-24 15:39:26,473 Monitor getting tournaments 0.002991914749145508
2022-05-24 15:39:26,474 Monitor kill check,6c6a97cd-027b-45f4-9955-796845c3c0da 5.984942197799683, 20.035712242126465(UUID('d2a0f7ba-6d2e-4713-8d61-a95f47fd2a92'),),False, [UUID('6c6a97cd-027b-45f4-9955-796845c3c0da')]
2022-05-24 15:39:27,489 Monitor getting results 0.014023065567016602
2022-05-24 15:39:27,500 Monitor getting start 0.010151147842407227
2022-05-24 15:39:27,507 Monitor getting tournaments 0.006315469741821289
2022-05-24 15:39:27,509 Monitor kill check,6c6a97cd-027b-45f4-9955-796845c3c0da 7.417292594909668, 20.035712242126465(UUID('d2a0f7ba-6d2e-4713-8d61-a95f47fd2a92'),),False, [UUID('6c6a97cd-027b-45f4-9955-796845c3c0da')]
2022-05-24 15:39:28,524 Monitor getting results 0.013308286666870117
2022-05-24 15:39:28,536 Monitor getting start 0.012016057968139648
2022-05-24 15:39:28,544 Monitor getting tournaments 0.006802797317504883
2022-05-24 15:39:28,545 Monitor kill check,6c6a97cd-027b-45f4-9955-796845c3c0da 8.926214456558228, 20.035712242126465(UUID('d2a0f7ba-6d2e-4713-8d61-a95f47fd2a92'),),False, [UUID('6c6a97cd-027b-45f4-9955-796845c3c0da')]
2022-05-24 15:39:29,560 Monitor getting results 0.012494087219238281
2022-05-24 15:39:29,574 Monitor getting start 0.013677597045898438
2022-05-24 15:39:29,580 Monitor getting tournaments 0.0058994293212890625
2022-05-24 15:39:29,581 Monitor kill check,6c6a97cd-027b-45f4-9955-796845c3c0da 10.273566007614136, 20.035712242126465(UUID('d2a0f7ba-6d2e-4713-8d61-a95f47fd2a92'),),False, [UUID('6c6a97cd-027b-45f4-9955-796845c3c0da')]
2022-05-24 15:39:30,586 Monitor getting results 0.00323486328125
2022-05-24 15:39:30,589 Monitor getting start 0.002989530563354492
2022-05-24 15:39:30,592 Monitor getting tournaments 0.0022025108337402344
2022-05-24 15:39:30,592 Monitor kill check,6c6a97cd-027b-45f4-9955-796845c3c0da 11.70583200454712, 20.035712242126465(UUID('d2a0f7ba-6d2e-4713-8d61-a95f47fd2a92'),),False, [UUID('6c6a97cd-027b-45f4-9955-796845c3c0da')]
2022-05-24 15:39:31,597 Monitor getting results 0.0039031505584716797
2022-05-24 15:39:31,600 Monitor getting start 0.002985239028930664
2022-05-24 15:39:31,603 Monitor getting tournaments 0.002203702926635742
2022-05-24 15:39:31,603 Monitor kill check,6c6a97cd-027b-45f4-9955-796845c3c0da 13.255406856536865, 20.035712242126465(UUID('d2a0f7ba-6d2e-4713-8d61-a95f47fd2a92'),),False, [UUID('6c6a97cd-027b-45f4-9955-796845c3c0da')]
2022-05-24 15:39:32,609 Monitor getting results 0.00450897216796875
2022-05-24 15:39:32,613 Monitor getting start 0.003712892532348633
2022-05-24 15:39:32,616 Monitor getting tournaments 0.0026578903198242188
2022-05-24 15:39:32,617 Monitor kill check,6c6a97cd-027b-45f4-9955-796845c3c0da 14.771365880966187, 20.035712242126465(UUID('d2a0f7ba-6d2e-4713-8d61-a95f47fd2a92'),),False, [UUID('6c6a97cd-027b-45f4-9955-796845c3c0da')]
2022-05-24 15:39:33,630 Monitor getting results 0.012701988220214844
2022-05-24 15:39:33,645 Monitor getting start 0.013835430145263672
2022-05-24 15:39:33,653 Monitor getting tournaments 0.008277416229248047
2022-05-24 15:39:33,655 Monitor kill check,6c6a97cd-027b-45f4-9955-796845c3c0da 16.342936038970947, 20.035712242126465(UUID('d2a0f7ba-6d2e-4713-8d61-a95f47fd2a92'),),False, [UUID('6c6a97cd-027b-45f4-9955-796845c3c0da')]
2022-05-24 15:39:34,665 Monitor getting results 0.00878143310546875
2022-05-24 15:39:34,674 Monitor getting start 0.007985353469848633
2022-05-24 15:39:34,680 Monitor getting tournaments 0.0062329769134521484
2022-05-24 15:39:34,682 Monitor kill check,6c6a97cd-027b-45f4-9955-796845c3c0da 17.899590969085693, 20.035712242126465(UUID('d2a0f7ba-6d2e-4713-8d61-a95f47fd2a92'),),False, [UUID('6c6a97cd-027b-45f4-9955-796845c3c0da')]
2022-05-24 15:39:35,697 Monitor getting results 0.013127326965332031
2022-05-24 15:39:35,709 Monitor getting start 0.011527776718139648
2022-05-24 15:39:35,719 Monitor getting tournaments 0.008843421936035156
2022-05-24 15:39:35,720 Monitor kill check,6c6a97cd-027b-45f4-9955-796845c3c0da 19.51043438911438, 20.035712242126465(UUID('d2a0f7ba-6d2e-4713-8d61-a95f47fd2a92'),),False, [UUID('6c6a97cd-027b-45f4-9955-796845c3c0da')]
2022-05-24 15:39:36,735 Monitor getting results 0.012787342071533203
2022-05-24 15:39:36,747 Monitor getting start 0.011684417724609375
2022-05-24 15:39:36,757 Monitor getting tournaments 0.009038448333740234
2022-05-24 15:39:36,759 Monitor kill check,6c6a97cd-027b-45f4-9955-796845c3c0da 20.33393430709839, 20.035712242126465(UUID('d2a0f7ba-6d2e-4713-8d61-a95f47fd2a92'),),False, [UUID('6c6a97cd-027b-45f4-9955-796845c3c0da')]
2022-05-24 15:39:37,774 Monitor getting results 0.013100624084472656
2022-05-24 15:39:37,787 Monitor getting start 0.01260828971862793
2022-05-24 15:39:37,792 Monitor getting tournaments 0.004564523696899414
2022-05-24 15:39:38,808 Monitor getting results 0.013614416122436523
2022-05-24 15:39:38,821 Monitor getting start 0.011518001556396484
2022-05-24 15:39:38,824 Monitor getting tournaments 0.0031080245971679688
2022-05-24 15:39:39,839 Monitor getting results 0.013552665710449219
2022-05-24 15:39:39,852 Monitor getting start 0.012074708938598633
2022-05-24 15:39:39,858 Monitor getting tournaments 0.005225181579589844
2022-05-24 15:39:40,870 Monitor getting results 0.011312484741210938
2022-05-24 15:39:40,881 Monitor getting start 0.009860038757324219
2022-05-24 15:39:40,886 Monitor getting tournaments 0.005023479461669922
2022-05-24 15:39:41,891 Monitor getting results 0.004195213317871094
2022-05-24 15:39:41,895 Monitor getting start 0.003419160842895508
2022-05-24 15:39:41,897 Monitor getting tournaments 0.0017344951629638672
2022-05-24 15:39:41,897 Monitor kill check,0e83f553-5f61-4faf-96a4-302c15c57a9a 3.533686876296997, 23.41882061958313(UUID('d2a0f7ba-6d2e-4713-8d61-a95f47fd2a92'),),False, [UUID('0e83f553-5f61-4faf-96a4-302c15c57a9a')]
2022-05-24 15:39:42,902 Monitor getting results 0.004086017608642578
2022-05-24 15:39:42,907 Monitor getting start 0.004280805587768555
2022-05-24 15:39:42,909 Monitor getting tournaments 0.0018358230590820312
2022-05-24 15:39:42,909 Monitor kill check,0e83f553-5f61-4faf-96a4-302c15c57a9a 5.077446222305298, 23.41882061958313(UUID('d2a0f7ba-6d2e-4713-8d61-a95f47fd2a92'),),False, [UUID('0e83f553-5f61-4faf-96a4-302c15c57a9a')]
2022-05-24 15:39:43,918 Monitor getting results 0.007692098617553711
2022-05-24 15:39:43,926 Monitor getting start 0.007191658020019531
2022-05-24 15:39:43,929 Monitor getting tournaments 0.0028908252716064453
2022-05-24 15:39:43,929 Monitor kill check,0e83f553-5f61-4faf-96a4-302c15c57a9a 6.640519618988037, 23.41882061958313(UUID('d2a0f7ba-6d2e-4713-8d61-a95f47fd2a92'),),False, [UUID('0e83f553-5f61-4faf-96a4-302c15c57a9a')]
2022-05-24 15:39:44,943 Monitor getting results 0.012112855911254883
2022-05-24 15:39:44,949 Monitor getting start 0.00573277473449707
2022-05-24 15:39:44,951 Monitor getting tournaments 0.0024902820587158203
2022-05-24 15:39:44,952 Monitor kill check,0e83f553-5f61-4faf-96a4-302c15c57a9a 8.220283269882202, 23.41882061958313(UUID('d2a0f7ba-6d2e-4713-8d61-a95f47fd2a92'),),False, [UUID('0e83f553-5f61-4faf-96a4-302c15c57a9a')]
2022-05-24 15:39:45,958 Monitor getting results 0.004884004592895508
2022-05-24 15:39:45,963 Monitor getting start 0.0041048526763916016
2022-05-24 15:39:45,965 Monitor getting tournaments 0.002368450164794922
2022-05-24 15:39:45,966 Monitor kill check,0e83f553-5f61-4faf-96a4-302c15c57a9a 9.723937273025513, 23.41882061958313(UUID('d2a0f7ba-6d2e-4713-8d61-a95f47fd2a92'),),False, [UUID('0e83f553-5f61-4faf-96a4-302c15c57a9a')]
2022-05-24 15:39:46,983 Monitor getting results 0.015705347061157227
2022-05-24 15:39:46,997 Monitor getting start 0.012691974639892578
2022-05-24 15:39:47,005 Monitor getting tournaments 0.007331371307373047
2022-05-24 15:39:47,006 Monitor kill check,0e83f553-5f61-4faf-96a4-302c15c57a9a 11.304546356201172, 23.41882061958313(UUID('d2a0f7ba-6d2e-4713-8d61-a95f47fd2a92'),),False, [UUID('0e83f553-5f61-4faf-96a4-302c15c57a9a')]
2022-05-24 15:39:48,012 Monitor getting results 0.0046923160552978516
2022-05-24 15:39:48,016 Monitor getting start 0.004273414611816406
2022-05-24 15:39:48,019 Monitor getting tournaments 0.0024924278259277344
2022-05-24 15:39:48,020 Monitor kill check,0e83f553-5f61-4faf-96a4-302c15c57a9a 12.858652830123901, 23.41882061958313(UUID('d2a0f7ba-6d2e-4713-8d61-a95f47fd2a92'),),False, [UUID('0e83f553-5f61-4faf-96a4-302c15c57a9a')]
2022-05-24 15:39:49,036 Monitor getting results 0.015305280685424805
2022-05-24 15:39:49,051 Monitor getting start 0.014083147048950195
2022-05-24 15:39:49,056 Monitor getting tournaments 0.004739522933959961
2022-05-24 15:39:49,057 Monitor kill check,0e83f553-5f61-4faf-96a4-302c15c57a9a 14.289827585220337, 23.41882061958313(UUID('d2a0f7ba-6d2e-4713-8d61-a95f47fd2a92'),),False, [UUID('0e83f553-5f61-4faf-96a4-302c15c57a9a')]
2022-05-24 15:39:50,074 Monitor getting results 0.015683412551879883
2022-05-24 15:39:50,083 Monitor getting start 0.008530855178833008
2022-05-24 15:39:50,089 Monitor getting tournaments 0.005917787551879883
2022-05-24 15:39:50,090 Monitor kill check,0e83f553-5f61-4faf-96a4-302c15c57a9a 15.658023118972778, 23.41882061958313(UUID('d2a0f7ba-6d2e-4713-8d61-a95f47fd2a92'),),False, [UUID('0e83f553-5f61-4faf-96a4-302c15c57a9a')]
2022-05-24 15:39:51,095 Monitor getting results 0.003818988800048828
2022-05-24 15:39:51,098 Monitor getting start 0.0036840438842773438
2022-05-24 15:39:51,101 Monitor getting tournaments 0.0027201175689697266
2022-05-24 15:39:51,102 Monitor kill check,0e83f553-5f61-4faf-96a4-302c15c57a9a 17.071946144104004, 23.41882061958313(UUID('d2a0f7ba-6d2e-4713-8d61-a95f47fd2a92'),),False, [UUID('0e83f553-5f61-4faf-96a4-302c15c57a9a')]
2022-05-24 15:39:52,108 Monitor getting results 0.004387378692626953
2022-05-24 15:39:52,113 Monitor getting start 0.0048675537109375
2022-05-24 15:39:52,116 Monitor getting tournaments 0.003002643585205078
2022-05-24 15:39:52,116 Monitor kill check,0e83f553-5f61-4faf-96a4-302c15c57a9a 18.622238636016846, 23.41882061958313(UUID('d2a0f7ba-6d2e-4713-8d61-a95f47fd2a92'),),False, [UUID('0e83f553-5f61-4faf-96a4-302c15c57a9a')]
2022-05-24 15:39:53,122 Monitor getting results 0.004852771759033203
2022-05-24 15:39:53,127 Monitor getting start 0.004479885101318359
2022-05-24 15:39:53,130 Monitor getting tournaments 0.0028183460235595703
2022-05-24 15:39:53,131 Monitor kill check,0e83f553-5f61-4faf-96a4-302c15c57a9a 20.1620032787323, 23.41882061958313(UUID('d2a0f7ba-6d2e-4713-8d61-a95f47fd2a92'),),False, [UUID('0e83f553-5f61-4faf-96a4-302c15c57a9a')]
2022-05-24 15:39:54,150 Monitor getting results 0.018753528594970703
2022-05-24 15:39:54,165 Monitor getting start 0.014288187026977539
2022-05-24 15:39:54,175 Monitor getting tournaments 0.00915384292602539
2022-05-24 15:39:54,176 Monitor kill check,0e83f553-5f61-4faf-96a4-302c15c57a9a 21.765740633010864, 23.41882061958313(UUID('d2a0f7ba-6d2e-4713-8d61-a95f47fd2a92'),),False, [UUID('0e83f553-5f61-4faf-96a4-302c15c57a9a')]
2022-05-24 15:39:55,185 Monitor getting results 0.007487058639526367
2022-05-24 15:39:55,194 Monitor getting start 0.009047508239746094
2022-05-24 15:39:55,201 Monitor getting tournaments 0.006661415100097656
2022-05-24 15:39:55,202 Monitor kill check,0e83f553-5f61-4faf-96a4-302c15c57a9a 23.3132803440094, 23.41882061958313(UUID('d2a0f7ba-6d2e-4713-8d61-a95f47fd2a92'),),False, [UUID('0e83f553-5f61-4faf-96a4-302c15c57a9a')]
2022-05-24 15:39:56,208 Monitor getting results 0.005034446716308594
2022-05-24 15:39:56,213 Monitor getting start 0.004439830780029297
2022-05-24 15:39:56,215 Monitor getting tournaments 0.0014064311981201172
2022-05-24 15:39:57,233 Monitor getting results 0.015913724899291992
2022-05-24 15:39:57,249 Monitor getting start 0.015164852142333984
2022-05-24 15:39:57,254 Monitor getting tournaments 0.005013942718505859
2022-05-24 15:39:58,264 Monitor getting results 0.008525609970092773
2022-05-24 15:39:58,276 Monitor getting start 0.011461973190307617
2022-05-24 15:39:58,281 Monitor getting tournaments 0.004411220550537109
2022-05-24 15:39:59,298 Monitor getting results 0.015148639678955078
2022-05-24 15:39:59,314 Monitor getting start 0.015338897705078125
2022-05-24 15:39:59,321 Monitor getting tournaments 0.005815744400024414
